[2024-12-10 04:45:53] Deskripsi: vefcve gtg4 htg4
[2024-12-10 04:45:53] Paket dengan ID 44 berhasil diperbarui.
[2024-12-10 06:24:55] Nama Paket: Paket Tour Bali
[2024-12-10 06:24:55] Tujuan: Bali
[2024-12-10 06:24:55] Durasi Hari: 3
[2024-12-10 06:24:55] Harga: 250000
[2024-12-10 06:24:55] Status Paket: Aktif
[2024-12-10 06:24:55] Deskripsi: frwfwfw
[2024-12-10 06:24:55] Foto: 
[2024-12-10 06:24:55] ID Paket: 43
[2024-12-10 06:24:55] Paket dengan ID 43 berhasil diperbarui.
[2024-12-10 06:27:18] Nama Paket: Paket Tour Bali
[2024-12-10 06:27:18] Tujuan: Bali
[2024-12-10 06:27:18] Durasi Hari: 6
[2024-12-10 06:27:18] Harga: 234565
[2024-12-10 06:27:18] Status Paket: Aktif
[2024-12-10 06:27:18] Deskripsi: 0guygho hui giugi fvuyf fv
[2024-12-10 06:27:18] Foto: 
[2024-12-10 06:27:18] ID Paket: 48
[2024-12-10 06:27:18] Paket dengan ID 48 berhasil diperbarui.
[2024-12-10 06:34:42] Nama Paket: Paket Tour Bali
[2024-12-10 06:34:42] Tujuan: Bali
[2024-12-10 06:34:42] Durasi Hari: 3
[2024-12-10 06:34:42] Harga: 425364
[2024-12-10 06:34:42] Status Paket: Aktif
[2024-12-10 06:34:42] Deskripsi: vbuinm
[2024-12-10 06:34:42] Foto: 
[2024-12-10 06:34:42] ID Paket: 49
[2024-12-10 06:34:42] Paket dengan ID 49 berhasil diperbarui.
[2024-12-10 06:52:18] Nama Paket: Paket Tour Bali
[2024-12-10 06:52:18] Tujuan: Bandung
[2024-12-10 06:52:18] Durasi Hari: 3
[2024-12-10 06:52:18] Harga: 534235342
[2024-12-10 06:52:18] Status Paket: Aktif
[2024-12-10 06:52:18] Deskripsi: hdhdhd
[2024-12-10 06:52:18] Foto: 
[2024-12-10 06:52:18] ID Paket: 54
[2024-12-10 06:52:18] Paket dengan ID 54 berhasil diperbarui.
[2024-12-10 07:26:24] Nama Paket: Paket Tour Bandung
[2024-12-10 07:26:24] Tujuan: Bandung
[2024-12-10 07:26:24] Durasi Hari: 5
[2024-12-10 07:26:24] Harga: 2000000
[2024-12-10 07:26:24] Status Paket: Aktif
[2024-12-10 07:26:24] Deskripsi: hhbhvh bhbhbhhb
[2024-12-10 07:26:24] Foto: 
[2024-12-10 07:26:24] ID Paket: 56
[2024-12-10 07:26:24] Paket dengan ID 56 berhasil diperbarui.
[2024-12-10 07:28:11] Nama Paket: Paket Tour Bandung
[2024-12-10 07:28:11] Tujuan: Bandung
[2024-12-10 07:28:11] Durasi Hari: 5
[2024-12-10 07:28:11] Harga: 2000000
[2024-12-10 07:28:11] Status Paket: Aktif
[2024-12-10 07:28:11] Deskripsi: hhbhvh bhbhbhhb
[2024-12-10 07:28:11] Foto: 
[2024-12-10 07:28:11] ID Paket: 56
[2024-12-10 07:28:11] Paket dengan ID 56 berhasil diperbarui.
[2024-12-10 07:29:16] Nama Paket: Paket Tour Bandung
[2024-12-10 07:29:16] Tujuan: Bandung
[2024-12-10 07:29:16] Durasi Hari: 5
[2024-12-10 07:29:16] Harga: 2000000
[2024-12-10 07:29:16] Status Paket: Aktif
[2024-12-10 07:29:16] Deskripsi: hhbhvh bhbhbhhb
[2024-12-10 07:29:16] Foto: 
[2024-12-10 07:29:16] ID Paket: 56
[2024-12-10 07:29:16] Paket dengan ID 56 berhasil diperbarui.
[2024-12-10 07:35:51] Nama Paket: Paket Tour Bali
[2024-12-10 07:35:51] Tujuan: Bali
[2024-12-10 07:35:51] Durasi Hari: 2
[2024-12-10 07:35:51] Harga: 450000
[2024-12-10 07:35:51] Status Paket: Aktif
[2024-12-10 07:35:51] Deskripsi: evdnidr vdbvidbvd vbvdibvdv bvedvdv
[2024-12-10 07:35:51] Foto: 
[2024-12-10 07:35:51] ID Paket: 58
[2024-12-10 07:35:51] Paket dengan ID 58 berhasil diperbarui.
[2024-12-10 07:39:42] Nama Paket: Paket Tour Bali
[2024-12-10 07:39:42] Tujuan: Bali
[2024-12-10 07:39:42] Durasi Hari: 2
[2024-12-10 07:39:42] Harga: 450000
[2024-12-10 07:39:42] Status Paket: Aktif
[2024-12-10 07:39:42] Deskripsi: evdnidr vdbvidbvd vbvdibvdv bvedvdv
[2024-12-10 07:39:42] Foto: 1733812782_Screenshot 2023-11-08 163937.png
[2024-12-10 07:39:42] ID Paket: 58
[2024-12-10 07:39:42] Paket dengan ID 58 berhasil diperbarui.
[2024-12-10 08:18:54] Nama Paket: yy
[2024-12-10 08:18:54] Tujuan: yy
[2024-12-10 08:18:54] Durasi Hari: 66
[2024-12-10 08:18:54] Harga: 66
[2024-12-10 08:18:54] Status Paket: Aktif
[2024-12-10 08:18:54] Deskripsi: 6666
[2024-12-10 08:18:54] Foto: 1733815134_Screenshot 2023-11-18 085042.png
[2024-12-10 08:18:54] ID Paket: 64
[2024-12-10 08:18:54] Paket dengan ID 64 berhasil diperbarui.
[2024-12-10 08:20:37] Nama Paket: yy
[2024-12-10 08:20:37] Tujuan: yy
[2024-12-10 08:20:37] Durasi Hari: 66
[2024-12-10 08:20:37] Harga: 66
[2024-12-10 08:20:37] Status Paket: Nonaktif
[2024-12-10 08:20:37] Deskripsi: 6666
[2024-12-10 08:20:37] Foto: 1733815134_Screenshot 2023-11-18 085042.png
[2024-12-10 08:20:37] ID Paket: 64
[2024-12-10 08:20:37] Paket dengan ID 64 berhasil diperbarui.
[2024-12-10 17:35:14] Nama Paket: Paket Tour Bandung
[2024-12-10 17:35:14] Tujuan: Bandung
[2024-12-10 17:35:14] Durasi Hari: 5
[2024-12-10 17:35:14] Harga: 500000
[2024-12-10 17:35:14] Status Paket: Nonaktif
[2024-12-10 17:35:14] Deskripsi: xctfvgbh vygbhunjkml
[2024-12-10 17:35:14] Foto: ../uploads/1733848494_download.jpeg
[2024-12-10 17:35:14] ID Paket: 68
[2024-12-10 17:35:15] Paket dengan ID 68 berhasil diperbarui.
[2024-12-10 17:35:26] Nama Paket: Paket Tour Bandung
[2024-12-10 17:35:26] Tujuan: Bandung
[2024-12-10 17:35:26] Durasi Hari: 5
[2024-12-10 17:35:26] Harga: 500000
[2024-12-10 17:35:26] Status Paket: Aktif
[2024-12-10 17:35:26] Deskripsi: xctfvgbh vygbhunjkml
[2024-12-10 17:35:26] Foto: ../uploads/1733848494_download.jpeg
[2024-12-10 17:35:26] ID Paket: 68
[2024-12-10 17:35:26] Paket dengan ID 68 berhasil diperbarui.
